Analysis & Synthesis report for ALU
Thu Dec 03 21:22:48 2020
Quartus Prime Version 20.1.0 Build 711 06/05/2020 SJ Lite Edition


---------------------
; Table of Contents ;
---------------------
  1. Legal Notice
  2. Analysis & Synthesis Summary
  3. Analysis & Synthesis Settings
  4. Parallel Compilation
  5. Analysis & Synthesis Source Files Read
  6. Analysis & Synthesis Resource Usage Summary
  7. Analysis & Synthesis Resource Utilization by Entity
  8. General Register Statistics
  9. Multiplexer Restructuring Statistics (Restructuring Performed)
 10. Port Connectivity Checks: "KS16bitAdder:sub_part"
 11. Port Connectivity Checks: "KS16bitAdder:add_part"
 12. Post-Synthesis Netlist Statistics for Top Partition
 13. Elapsed Time Per Partition
 14. Analysis & Synthesis Messages



----------------
; Legal Notice ;
----------------
Copyright (C) 2020  Intel Corporation. All rights reserved.
Your use of Intel Corporation's design tools, logic functions 
and other software and tools, and any partner logic 
functions, and any output files from any of the foregoing 
(including device programming or simulation files), and any 
associated documentation or information are expressly subject 
to the terms and conditions of the Intel Program License 
Subscription Agreement, the Intel Quartus Prime License Agreement,
the Intel FPGA IP License Agreement, or other applicable license
agreement, including, without limitation, that your use is for
the sole purpose of programming logic devices manufactured by
Intel and sold by Intel or its authorized distributors.  Please
refer to the applicable agreement for further details, at
https://fpgasoftware.intel.com/eula.



+-------------------------------------------------------------------------------+
; Analysis & Synthesis Summary                                                  ;
+---------------------------------+---------------------------------------------+
; Analysis & Synthesis Status     ; Successful - Thu Dec 03 21:22:48 2020       ;
; Quartus Prime Version           ; 20.1.0 Build 711 06/05/2020 SJ Lite Edition ;
; Revision Name                   ; ALU                                         ;
; Top-level Entity Name           ; ALU                                         ;
; Family                          ; Cyclone V                                   ;
; Logic utilization (in ALMs)     ; N/A                                         ;
; Total registers                 ; 0                                           ;
; Total pins                      ; 52                                          ;
; Total virtual pins              ; 0                                           ;
; Total block memory bits         ; 0                                           ;
; Total DSP Blocks                ; 0                                           ;
; Total HSSI RX PCSs              ; 0                                           ;
; Total HSSI PMA RX Deserializers ; 0                                           ;
; Total HSSI TX PCSs              ; 0                                           ;
; Total HSSI PMA TX Serializers   ; 0                                           ;
; Total PLLs                      ; 0                                           ;
; Total DLLs                      ; 0                                           ;
+---------------------------------+---------------------------------------------+


+---------------------------------------------------------------------------------------------------------------------------+
; Analysis & Synthesis Settings                                                                                             ;
+---------------------------------------------------------------------------------+--------------------+--------------------+
; Option                                                                          ; Setting            ; Default Value      ;
+---------------------------------------------------------------------------------+--------------------+--------------------+
; Device                                                                          ; 5CGXFC7C7F23C8     ;                    ;
; Top-level entity name                                                           ; ALU                ; ALU                ;
; Family name                                                                     ; Cyclone V          ; Cyclone V          ;
; Use smart compilation                                                           ; Off                ; Off                ;
; Enable parallel Assembler and Timing Analyzer during compilation                ; On                 ; On                 ;
; Enable compact report table                                                     ; Off                ; Off                ;
; Restructure Multiplexers                                                        ; Auto               ; Auto               ;
; MLAB Add Timing Constraints For Mixed-Port Feed-Through Mode Setting Don't Care ; Off                ; Off                ;
; Create Debugging Nodes for IP Cores                                             ; Off                ; Off                ;
; Preserve fewer node names                                                       ; On                 ; On                 ;
; Intel FPGA IP Evaluation Mode                                                   ; Enable             ; Enable             ;
; Verilog Version                                                                 ; Verilog_2001       ; Verilog_2001       ;
; VHDL Version                                                                    ; VHDL_1993          ; VHDL_1993          ;
; State Machine Processing                                                        ; Auto               ; Auto               ;
; Safe State Machine                                                              ; Off                ; Off                ;
; Extract Verilog State Machines                                                  ; On                 ; On                 ;
; Extract VHDL State Machines                                                     ; On                 ; On                 ;
; Ignore Verilog initial constructs                                               ; Off                ; Off                ;
; Iteration limit for constant Verilog loops                                      ; 5000               ; 5000               ;
; Iteration limit for non-constant Verilog loops                                  ; 250                ; 250                ;
; Add Pass-Through Logic to Inferred RAMs                                         ; On                 ; On                 ;
; Infer RAMs from Raw Logic                                                       ; On                 ; On                 ;
; Parallel Synthesis                                                              ; On                 ; On                 ;
; DSP Block Balancing                                                             ; Auto               ; Auto               ;
; NOT Gate Push-Back                                                              ; On                 ; On                 ;
; Power-Up Don't Care                                                             ; On                 ; On                 ;
; Remove Redundant Logic Cells                                                    ; Off                ; Off                ;
; Remove Duplicate Registers                                                      ; On                 ; On                 ;
; Ignore CARRY Buffers                                                            ; Off                ; Off                ;
; Ignore CASCADE Buffers                                                          ; Off                ; Off                ;
; Ignore GLOBAL Buffers                                                           ; Off                ; Off                ;
; Ignore ROW GLOBAL Buffers                                                       ; Off                ; Off                ;
; Ignore LCELL Buffers                                                            ; Off                ; Off                ;
; Ignore SOFT Buffers                                                             ; On                 ; On                 ;
; Limit AHDL Integers to 32 Bits                                                  ; Off                ; Off                ;
; Optimization Technique                                                          ; Balanced           ; Balanced           ;
; Carry Chain Length                                                              ; 70                 ; 70                 ;
; Auto Carry Chains                                                               ; On                 ; On                 ;
; Auto Open-Drain Pins                                                            ; On                 ; On                 ;
; Perform WYSIWYG Primitive Resynthesis                                           ; Off                ; Off                ;
; Auto ROM Replacement                                                            ; On                 ; On                 ;
; Auto RAM Replacement                                                            ; On                 ; On                 ;
; Auto DSP Block Replacement                                                      ; On                 ; On                 ;
; Auto Shift Register Replacement                                                 ; Auto               ; Auto               ;
; Allow Shift Register Merging across Hierarchies                                 ; Auto               ; Auto               ;
; Auto Clock Enable Replacement                                                   ; On                 ; On                 ;
; Strict RAM Replacement                                                          ; Off                ; Off                ;
; Allow Synchronous Control Signals                                               ; On                 ; On                 ;
; Force Use of Synchronous Clear Signals                                          ; Off                ; Off                ;
; Auto Resource Sharing                                                           ; Off                ; Off                ;
; Allow Any RAM Size For Recognition                                              ; Off                ; Off                ;
; Allow Any ROM Size For Recognition                                              ; Off                ; Off                ;
; Allow Any Shift Register Size For Recognition                                   ; Off                ; Off                ;
; Use LogicLock Constraints during Resource Balancing                             ; On                 ; On                 ;
; Ignore translate_off and synthesis_off directives                               ; Off                ; Off                ;
; Timing-Driven Synthesis                                                         ; On                 ; On                 ;
; Report Parameter Settings                                                       ; On                 ; On                 ;
; Report Source Assignments                                                       ; On                 ; On                 ;
; Report Connectivity Checks                                                      ; On                 ; On                 ;
; Ignore Maximum Fan-Out Assignments                                              ; Off                ; Off                ;
; Synchronization Register Chain Length                                           ; 3                  ; 3                  ;
; Power Optimization During Synthesis                                             ; Normal compilation ; Normal compilation ;
; HDL message level                                                               ; Level2             ; Level2             ;
; Suppress Register Optimization Related Messages                                 ; Off                ; Off                ;
; Number of Removed Registers Reported in Synthesis Report                        ; 5000               ; 5000               ;
; Number of Swept Nodes Reported in Synthesis Report                              ; 5000               ; 5000               ;
; Number of Inverted Registers Reported in Synthesis Report                       ; 100                ; 100                ;
; Clock MUX Protection                                                            ; On                 ; On                 ;
; Auto Gated Clock Conversion                                                     ; Off                ; Off                ;
; Block Design Naming                                                             ; Auto               ; Auto               ;
; SDC constraint protection                                                       ; Off                ; Off                ;
; Synthesis Effort                                                                ; Auto               ; Auto               ;
; Shift Register Replacement - Allow Asynchronous Clear Signal                    ; On                 ; On                 ;
; Pre-Mapping Resynthesis Optimization                                            ; Off                ; Off                ;
; Analysis & Synthesis Message Level                                              ; Medium             ; Medium             ;
; Disable Register Merging Across Hierarchies                                     ; Auto               ; Auto               ;
; Resource Aware Inference For Block RAM                                          ; On                 ; On                 ;
; Automatic Parallel Synthesis                                                    ; On                 ; On                 ;
; Partial Reconfiguration Bitstream ID                                            ; Off                ; Off                ;
+---------------------------------------------------------------------------------+--------------------+--------------------+


+------------------------------------------+
; Parallel Compilation                     ;
+----------------------------+-------------+
; Processors                 ; Number      ;
+----------------------------+-------------+
; Number detected on machine ; 8           ;
; Maximum allowed            ; 4           ;
;                            ;             ;
; Average used               ; 1.00        ;
; Maximum used               ; 1           ;
;                            ;             ;
; Usage by Processor         ; % Time Used ;
;     Processor 1            ; 100.0%      ;
+----------------------------+-------------+


+-------------------------------------------------------------------------------------------------------------------------------------------------------------+
; Analysis & Synthesis Source Files Read                                                                                                                      ;
+----------------------------------+-----------------+-----------------+----------------------------------------------------------------------------+---------+
; File Name with User-Entered Path ; Used in Netlist ; File Type       ; File Name with Absolute Path                                               ; Library ;
+----------------------------------+-----------------+-----------------+----------------------------------------------------------------------------+---------+
; NAND_gate.vhd                    ; yes             ; User VHDL File  ; D:/drbha/sem3_iitb_material/ee224/vhdl_assgnmnts/main_ass/NAND_gate.vhd    ;         ;
; ALU.vhd                          ; yes             ; User VHDL File  ; D:/drbha/sem3_iitb_material/ee224/vhdl_assgnmnts/main_ass/ALU.vhd          ;         ;
; XOR_gate.vhd                     ; yes             ; User VHDL File  ; D:/drbha/sem3_iitb_material/ee224/vhdl_assgnmnts/main_ass/XOR_gate.vhd     ;         ;
; KS16bitAdder.vhd                 ; yes             ; User VHDL File  ; D:/drbha/sem3_iitb_material/ee224/vhdl_assgnmnts/main_ass/KS16bitAdder.vhd ;         ;
; LogicGates.vhd                   ; yes             ; User VHDL File  ; D:/drbha/sem3_iitb_material/ee224/vhdl_assgnmnts/main_ass/LogicGates.vhd   ;         ;
+----------------------------------+-----------------+-----------------+----------------------------------------------------------------------------+---------+


+--------------------------------------------------------+
; Analysis & Synthesis Resource Usage Summary            ;
+---------------------------------------------+----------+
; Resource                                    ; Usage    ;
+---------------------------------------------+----------+
; Estimate of Logic utilization (ALMs needed) ; 106      ;
;                                             ;          ;
; Combinational ALUT usage for logic          ; 174      ;
;     -- 7 input functions                    ; 0        ;
;     -- 6 input functions                    ; 37       ;
;     -- 5 input functions                    ; 28       ;
;     -- 4 input functions                    ; 63       ;
;     -- <=3 input functions                  ; 46       ;
;                                             ;          ;
; Dedicated logic registers                   ; 0        ;
;                                             ;          ;
; I/O pins                                    ; 52       ;
;                                             ;          ;
; Total DSP Blocks                            ; 0        ;
;                                             ;          ;
; Maximum fan-out node                        ; S0~input ;
; Maximum fan-out                             ; 18       ;
; Total fan-out                               ; 795      ;
; Average fan-out                             ; 2.86     ;
+---------------------------------------------+----------+


+------------------------------------------------------------------------------------------------------------------------------------------------------------------------------------------------------------------------------------------------------------------+
; Analysis & Synthesis Resource Utilization by Entity                                                                                                                                                                                                              ;
+-----------------------------------------+---------------------+---------------------------+-------------------+------------+------+--------------+---------------------------------------------------------------------------------+--------------+--------------+
; Compilation Hierarchy Node              ; Combinational ALUTs ; Dedicated Logic Registers ; Block Memory Bits ; DSP Blocks ; Pins ; Virtual Pins ; Full Hierarchy Name                                                             ; Entity Name  ; Library Name ;
+-----------------------------------------+---------------------+---------------------------+-------------------+------------+------+--------------+---------------------------------------------------------------------------------+--------------+--------------+
; |ALU                                    ; 174 (29)            ; 0 (0)                     ; 0                 ; 0          ; 52   ; 0            ; |ALU                                                                            ; ALU          ; work         ;
;    |KS16bitAdder:add_part|              ; 78 (0)              ; 0 (0)                     ; 0                 ; 0          ; 0    ; 0            ; |ALU|KS16bitAdder:add_part                                                      ; KS16bitAdder ; work         ;
;       |ORGate:\zlogic:15:Orz0_ins|      ; 6 (6)               ; 0 (0)                     ; 0                 ; 0          ; 0    ; 0            ; |ALU|KS16bitAdder:add_part|ORGate:\zlogic:15:Orz0_ins                           ; ORGate       ; work         ;
;       |XorG:\XorGa:10:Xor_instance|     ; 2 (0)               ; 0 (0)                     ; 0                 ; 0          ; 0    ; 0            ; |ALU|KS16bitAdder:add_part|XorG:\XorGa:10:Xor_instance                          ; XorG         ; work         ;
;          |ANDGAte:AND2_instance|        ; 1 (1)               ; 0 (0)                     ; 0                 ; 0          ; 0    ; 0            ; |ALU|KS16bitAdder:add_part|XorG:\XorGa:10:Xor_instance|ANDGAte:AND2_instance    ; ANDGAte      ; work         ;
;          |ORGate:OR_instance|           ; 1 (1)               ; 0 (0)                     ; 0                 ; 0          ; 0    ; 0            ; |ALU|KS16bitAdder:add_part|XorG:\XorGa:10:Xor_instance|ORGate:OR_instance       ; ORGate       ; work         ;
;       |XorG:\XorGa:11:Xor_instance|     ; 1 (0)               ; 0 (0)                     ; 0                 ; 0          ; 0    ; 0            ; |ALU|KS16bitAdder:add_part|XorG:\XorGa:11:Xor_instance                          ; XorG         ; work         ;
;          |ORGate:OR_instance|           ; 1 (1)               ; 0 (0)                     ; 0                 ; 0          ; 0    ; 0            ; |ALU|KS16bitAdder:add_part|XorG:\XorGa:11:Xor_instance|ORGate:OR_instance       ; ORGate       ; work         ;
;       |XorG:\XorGa:12:Xor_instance|     ; 1 (0)               ; 0 (0)                     ; 0                 ; 0          ; 0    ; 0            ; |ALU|KS16bitAdder:add_part|XorG:\XorGa:12:Xor_instance                          ; XorG         ; work         ;
;          |ORGate:OR_instance|           ; 1 (1)               ; 0 (0)                     ; 0                 ; 0          ; 0    ; 0            ; |ALU|KS16bitAdder:add_part|XorG:\XorGa:12:Xor_instance|ORGate:OR_instance       ; ORGate       ; work         ;
;       |XorG:\XorGa:13:Xor_instance|     ; 3 (0)               ; 0 (0)                     ; 0                 ; 0          ; 0    ; 0            ; |ALU|KS16bitAdder:add_part|XorG:\XorGa:13:Xor_instance                          ; XorG         ; work         ;
;          |ANDGAte:AND2_instance|        ; 2 (2)               ; 0 (0)                     ; 0                 ; 0          ; 0    ; 0            ; |ALU|KS16bitAdder:add_part|XorG:\XorGa:13:Xor_instance|ANDGAte:AND2_instance    ; ANDGAte      ; work         ;
;          |ORGate:OR_instance|           ; 1 (1)               ; 0 (0)                     ; 0                 ; 0          ; 0    ; 0            ; |ALU|KS16bitAdder:add_part|XorG:\XorGa:13:Xor_instance|ORGate:OR_instance       ; ORGate       ; work         ;
;       |XorG:\XorGa:14:Xor_instance|     ; 1 (0)               ; 0 (0)                     ; 0                 ; 0          ; 0    ; 0            ; |ALU|KS16bitAdder:add_part|XorG:\XorGa:14:Xor_instance                          ; XorG         ; work         ;
;          |ORGate:OR_instance|           ; 1 (1)               ; 0 (0)                     ; 0                 ; 0          ; 0    ; 0            ; |ALU|KS16bitAdder:add_part|XorG:\XorGa:14:Xor_instance|ORGate:OR_instance       ; ORGate       ; work         ;
;       |XorG:\XorGa:15:Xor_instance|     ; 1 (0)               ; 0 (0)                     ; 0                 ; 0          ; 0    ; 0            ; |ALU|KS16bitAdder:add_part|XorG:\XorGa:15:Xor_instance                          ; XorG         ; work         ;
;          |ORGate:OR_instance|           ; 1 (1)               ; 0 (0)                     ; 0                 ; 0          ; 0    ; 0            ; |ALU|KS16bitAdder:add_part|XorG:\XorGa:15:Xor_instance|ORGate:OR_instance       ; ORGate       ; work         ;
;       |XorG:\XorGa:2:Xor_instance|      ; 1 (0)               ; 0 (0)                     ; 0                 ; 0          ; 0    ; 0            ; |ALU|KS16bitAdder:add_part|XorG:\XorGa:2:Xor_instance                           ; XorG         ; work         ;
;          |ORGate:OR_instance|           ; 1 (1)               ; 0 (0)                     ; 0                 ; 0          ; 0    ; 0            ; |ALU|KS16bitAdder:add_part|XorG:\XorGa:2:Xor_instance|ORGate:OR_instance        ; ORGate       ; work         ;
;       |XorG:\XorGa:3:Xor_instance|      ; 1 (0)               ; 0 (0)                     ; 0                 ; 0          ; 0    ; 0            ; |ALU|KS16bitAdder:add_part|XorG:\XorGa:3:Xor_instance                           ; XorG         ; work         ;
;          |ORGate:OR_instance|           ; 1 (1)               ; 0 (0)                     ; 0                 ; 0          ; 0    ; 0            ; |ALU|KS16bitAdder:add_part|XorG:\XorGa:3:Xor_instance|ORGate:OR_instance        ; ORGate       ; work         ;
;       |XorG:\XorGa:4:Xor_instance|      ; 1 (0)               ; 0 (0)                     ; 0                 ; 0          ; 0    ; 0            ; |ALU|KS16bitAdder:add_part|XorG:\XorGa:4:Xor_instance                           ; XorG         ; work         ;
;          |ORGate:OR_instance|           ; 1 (1)               ; 0 (0)                     ; 0                 ; 0          ; 0    ; 0            ; |ALU|KS16bitAdder:add_part|XorG:\XorGa:4:Xor_instance|ORGate:OR_instance        ; ORGate       ; work         ;
;       |XorG:\XorGa:5:Xor_instance|      ; 1 (0)               ; 0 (0)                     ; 0                 ; 0          ; 0    ; 0            ; |ALU|KS16bitAdder:add_part|XorG:\XorGa:5:Xor_instance                           ; XorG         ; work         ;
;          |ORGate:OR_instance|           ; 1 (1)               ; 0 (0)                     ; 0                 ; 0          ; 0    ; 0            ; |ALU|KS16bitAdder:add_part|XorG:\XorGa:5:Xor_instance|ORGate:OR_instance        ; ORGate       ; work         ;
;       |XorG:\XorGa:6:Xor_instance|      ; 1 (0)               ; 0 (0)                     ; 0                 ; 0          ; 0    ; 0            ; |ALU|KS16bitAdder:add_part|XorG:\XorGa:6:Xor_instance                           ; XorG         ; work         ;
;          |ORGate:OR_instance|           ; 1 (1)               ; 0 (0)                     ; 0                 ; 0          ; 0    ; 0            ; |ALU|KS16bitAdder:add_part|XorG:\XorGa:6:Xor_instance|ORGate:OR_instance        ; ORGate       ; work         ;
;       |XorG:\XorGa:7:Xor_instance|      ; 1 (0)               ; 0 (0)                     ; 0                 ; 0          ; 0    ; 0            ; |ALU|KS16bitAdder:add_part|XorG:\XorGa:7:Xor_instance                           ; XorG         ; work         ;
;          |ORGate:OR_instance|           ; 1 (1)               ; 0 (0)                     ; 0                 ; 0          ; 0    ; 0            ; |ALU|KS16bitAdder:add_part|XorG:\XorGa:7:Xor_instance|ORGate:OR_instance        ; ORGate       ; work         ;
;       |XorG:\XorGa:8:Xor_instance|      ; 1 (0)               ; 0 (0)                     ; 0                 ; 0          ; 0    ; 0            ; |ALU|KS16bitAdder:add_part|XorG:\XorGa:8:Xor_instance                           ; XorG         ; work         ;
;          |ORGate:OR_instance|           ; 1 (1)               ; 0 (0)                     ; 0                 ; 0          ; 0    ; 0            ; |ALU|KS16bitAdder:add_part|XorG:\XorGa:8:Xor_instance|ORGate:OR_instance        ; ORGate       ; work         ;
;       |XorG:\XorGa:9:Xor_instance|      ; 1 (0)               ; 0 (0)                     ; 0                 ; 0          ; 0    ; 0            ; |ALU|KS16bitAdder:add_part|XorG:\XorGa:9:Xor_instance                           ; XorG         ; work         ;
;          |ORGate:OR_instance|           ; 1 (1)               ; 0 (0)                     ; 0                 ; 0          ; 0    ; 0            ; |ALU|KS16bitAdder:add_part|XorG:\XorGa:9:Xor_instance|ORGate:OR_instance        ; ORGate       ; work         ;
;       |XorG:\finalstg:10:XorS_instance| ; 1 (0)               ; 0 (0)                     ; 0                 ; 0          ; 0    ; 0            ; |ALU|KS16bitAdder:add_part|XorG:\finalstg:10:XorS_instance                      ; XorG         ; work         ;
;          |ORGate:OR_instance|           ; 1 (1)               ; 0 (0)                     ; 0                 ; 0          ; 0    ; 0            ; |ALU|KS16bitAdder:add_part|XorG:\finalstg:10:XorS_instance|ORGate:OR_instance   ; ORGate       ; work         ;
;       |XorG:\finalstg:2:XorS_instance|  ; 1 (0)               ; 0 (0)                     ; 0                 ; 0          ; 0    ; 0            ; |ALU|KS16bitAdder:add_part|XorG:\finalstg:2:XorS_instance                       ; XorG         ; work         ;
;          |ANDGAte:AND2_instance|        ; 1 (1)               ; 0 (0)                     ; 0                 ; 0          ; 0    ; 0            ; |ALU|KS16bitAdder:add_part|XorG:\finalstg:2:XorS_instance|ANDGAte:AND2_instance ; ANDGAte      ; work         ;
;       |XorG:\finalstg:7:XorS_instance|  ; 1 (0)               ; 0 (0)                     ; 0                 ; 0          ; 0    ; 0            ; |ALU|KS16bitAdder:add_part|XorG:\finalstg:7:XorS_instance                       ; XorG         ; work         ;
;          |ORGate:OR_instance|           ; 1 (1)               ; 0 (0)                     ; 0                 ; 0          ; 0    ; 0            ; |ALU|KS16bitAdder:add_part|XorG:\finalstg:7:XorS_instance|ORGate:OR_instance    ; ORGate       ; work         ;
;       |XorG:\finalstg:9:XorS_instance|  ; 1 (0)               ; 0 (0)                     ; 0                 ; 0          ; 0    ; 0            ; |ALU|KS16bitAdder:add_part|XorG:\finalstg:9:XorS_instance                       ; XorG         ; work         ;
;          |ORGate:OR_instance|           ; 1 (1)               ; 0 (0)                     ; 0                 ; 0          ; 0    ; 0            ; |ALU|KS16bitAdder:add_part|XorG:\finalstg:9:XorS_instance|ORGate:OR_instance    ; ORGate       ; work         ;
;       |grpop:\stg1:0:prefixcomp|        ; 1 (0)               ; 0 (0)                     ; 0                 ; 0          ; 0    ; 0            ; |ALU|KS16bitAdder:add_part|grpop:\stg1:0:prefixcomp                             ; grpop        ; work         ;
;          |ORGate:Orga|                  ; 1 (1)               ; 0 (0)                     ; 0                 ; 0          ; 0    ; 0            ; |ALU|KS16bitAdder:add_part|grpop:\stg1:0:prefixcomp|ORGate:Orga                 ; ORGate       ; work         ;
;       |grpop:\stg1:11:prefixcomp|       ; 1 (0)               ; 0 (0)                     ; 0                 ; 0          ; 0    ; 0            ; |ALU|KS16bitAdder:add_part|grpop:\stg1:11:prefixcomp                            ; grpop        ; work         ;
;          |ANDGAte:And0_instance|        ; 1 (1)               ; 0 (0)                     ; 0                 ; 0          ; 0    ; 0            ; |ALU|KS16bitAdder:add_part|grpop:\stg1:11:prefixcomp|ANDGAte:And0_instance      ; ANDGAte      ; work         ;
;       |grpop:\stg1:12:prefixcomp|       ; 1 (0)               ; 0 (0)                     ; 0                 ; 0          ; 0    ; 0            ; |ALU|KS16bitAdder:add_part|grpop:\stg1:12:prefixcomp                            ; grpop        ; work         ;
;          |ANDGAte:And0_instance|        ; 1 (1)               ; 0 (0)                     ; 0                 ; 0          ; 0    ; 0            ; |ALU|KS16bitAdder:add_part|grpop:\stg1:12:prefixcomp|ANDGAte:And0_instance      ; ANDGAte      ; work         ;
;       |grpop:\stg2:0:prefixcomp|        ; 2 (0)               ; 0 (0)                     ; 0                 ; 0          ; 0    ; 0            ; |ALU|KS16bitAdder:add_part|grpop:\stg2:0:prefixcomp                             ; grpop        ; work         ;
;          |ORGate:Orga|                  ; 2 (2)               ; 0 (0)                     ; 0                 ; 0          ; 0    ; 0            ; |ALU|KS16bitAdder:add_part|grpop:\stg2:0:prefixcomp|ORGate:Orga                 ; ORGate       ; work         ;
;       |grpop:\stg2:1:prefixcomp|        ; 2 (0)               ; 0 (0)                     ; 0                 ; 0          ; 0    ; 0            ; |ALU|KS16bitAdder:add_part|grpop:\stg2:1:prefixcomp                             ; grpop        ; work         ;
;          |ORGate:Orga|                  ; 2 (2)               ; 0 (0)                     ; 0                 ; 0          ; 0    ; 0            ; |ALU|KS16bitAdder:add_part|grpop:\stg2:1:prefixcomp|ORGate:Orga                 ; ORGate       ; work         ;
;       |grpop:\stg2:2:prefixcomp|        ; 2 (0)               ; 0 (0)                     ; 0                 ; 0          ; 0    ; 0            ; |ALU|KS16bitAdder:add_part|grpop:\stg2:2:prefixcomp                             ; grpop        ; work         ;
;          |ORGate:Orga|                  ; 2 (2)               ; 0 (0)                     ; 0                 ; 0          ; 0    ; 0            ; |ALU|KS16bitAdder:add_part|grpop:\stg2:2:prefixcomp|ORGate:Orga                 ; ORGate       ; work         ;
;       |grpop:\stg2:3:prefixcomp|        ; 2 (0)               ; 0 (0)                     ; 0                 ; 0          ; 0    ; 0            ; |ALU|KS16bitAdder:add_part|grpop:\stg2:3:prefixcomp                             ; grpop        ; work         ;
;          |ORGate:Orga|                  ; 2 (2)               ; 0 (0)                     ; 0                 ; 0          ; 0    ; 0            ; |ALU|KS16bitAdder:add_part|grpop:\stg2:3:prefixcomp|ORGate:Orga                 ; ORGate       ; work         ;
;       |grpop:\stg2:4:prefixcomp|        ; 2 (0)               ; 0 (0)                     ; 0                 ; 0          ; 0    ; 0            ; |ALU|KS16bitAdder:add_part|grpop:\stg2:4:prefixcomp                             ; grpop        ; work         ;
;          |ORGate:Orga|                  ; 2 (2)               ; 0 (0)                     ; 0                 ; 0          ; 0    ; 0            ; |ALU|KS16bitAdder:add_part|grpop:\stg2:4:prefixcomp|ORGate:Orga                 ; ORGate       ; work         ;
;       |grpop:\stg2:5:prefixcomp|        ; 2 (0)               ; 0 (0)                     ; 0                 ; 0          ; 0    ; 0            ; |ALU|KS16bitAdder:add_part|grpop:\stg2:5:prefixcomp                             ; grpop        ; work         ;
;          |ORGate:Orga|                  ; 2 (2)               ; 0 (0)                     ; 0                 ; 0          ; 0    ; 0            ; |ALU|KS16bitAdder:add_part|grpop:\stg2:5:prefixcomp|ORGate:Orga                 ; ORGate       ; work         ;
;       |grpop:\stg2:6:prefixcomp|        ; 2 (0)               ; 0 (0)                     ; 0                 ; 0          ; 0    ; 0            ; |ALU|KS16bitAdder:add_part|grpop:\stg2:6:prefixcomp                             ; grpop        ; work         ;
;          |ORGate:Orga|                  ; 2 (2)               ; 0 (0)                     ; 0                 ; 0          ; 0    ; 0            ; |ALU|KS16bitAdder:add_part|grpop:\stg2:6:prefixcomp|ORGate:Orga                 ; ORGate       ; work         ;
;       |grpop:\stg2:7:prefixcomp|        ; 2 (0)               ; 0 (0)                     ; 0                 ; 0          ; 0    ; 0            ; |ALU|KS16bitAdder:add_part|grpop:\stg2:7:prefixcomp                             ; grpop        ; work         ;
;          |ORGate:Orga|                  ; 2 (2)               ; 0 (0)                     ; 0                 ; 0          ; 0    ; 0            ; |ALU|KS16bitAdder:add_part|grpop:\stg2:7:prefixcomp|ORGate:Orga                 ; ORGate       ; work         ;
;       |grpop:\stg2:8:prefixcomp|        ; 1 (0)               ; 0 (0)                     ; 0                 ; 0          ; 0    ; 0            ; |ALU|KS16bitAdder:add_part|grpop:\stg2:8:prefixcomp                             ; grpop        ; work         ;
;          |ORGate:Orga|                  ; 1 (1)               ; 0 (0)                     ; 0                 ; 0          ; 0    ; 0            ; |ALU|KS16bitAdder:add_part|grpop:\stg2:8:prefixcomp|ORGate:Orga                 ; ORGate       ; work         ;
;       |grpop:\stg2:9:prefixcomp|        ; 1 (0)               ; 0 (0)                     ; 0                 ; 0          ; 0    ; 0            ; |ALU|KS16bitAdder:add_part|grpop:\stg2:9:prefixcomp                             ; grpop        ; work         ;
;          |ORGate:Orga|                  ; 1 (1)               ; 0 (0)                     ; 0                 ; 0          ; 0    ; 0            ; |ALU|KS16bitAdder:add_part|grpop:\stg2:9:prefixcomp|ORGate:Orga                 ; ORGate       ; work         ;
;       |grpop:\stg32:0:prefixcomp|       ; 2 (0)               ; 0 (0)                     ; 0                 ; 0          ; 0    ; 0            ; |ALU|KS16bitAdder:add_part|grpop:\stg32:0:prefixcomp                            ; grpop        ; work         ;
;          |ANDGAte:And0_instance|        ; 1 (1)               ; 0 (0)                     ; 0                 ; 0          ; 0    ; 0            ; |ALU|KS16bitAdder:add_part|grpop:\stg32:0:prefixcomp|ANDGAte:And0_instance      ; ANDGAte      ; work         ;
;          |ORGate:Orga|                  ; 1 (1)               ; 0 (0)                     ; 0                 ; 0          ; 0    ; 0            ; |ALU|KS16bitAdder:add_part|grpop:\stg32:0:prefixcomp|ORGate:Orga                ; ORGate       ; work         ;
;       |grpop:\stg32:1:prefixcomp|       ; 2 (0)               ; 0 (0)                     ; 0                 ; 0          ; 0    ; 0            ; |ALU|KS16bitAdder:add_part|grpop:\stg32:1:prefixcomp                            ; grpop        ; work         ;
;          |ANDGAte:And0_instance|        ; 1 (1)               ; 0 (0)                     ; 0                 ; 0          ; 0    ; 0            ; |ALU|KS16bitAdder:add_part|grpop:\stg32:1:prefixcomp|ANDGAte:And0_instance      ; ANDGAte      ; work         ;
;          |ORGate:Orga|                  ; 1 (1)               ; 0 (0)                     ; 0                 ; 0          ; 0    ; 0            ; |ALU|KS16bitAdder:add_part|grpop:\stg32:1:prefixcomp|ORGate:Orga                ; ORGate       ; work         ;
;       |grpop:\stg32:2:prefixcomp|       ; 1 (0)               ; 0 (0)                     ; 0                 ; 0          ; 0    ; 0            ; |ALU|KS16bitAdder:add_part|grpop:\stg32:2:prefixcomp                            ; grpop        ; work         ;
;          |ORGate:Orga|                  ; 1 (1)               ; 0 (0)                     ; 0                 ; 0          ; 0    ; 0            ; |ALU|KS16bitAdder:add_part|grpop:\stg32:2:prefixcomp|ORGate:Orga                ; ORGate       ; work         ;
;       |grpop:\stg32:3:prefixcomp|       ; 1 (0)               ; 0 (0)                     ; 0                 ; 0          ; 0    ; 0            ; |ALU|KS16bitAdder:add_part|grpop:\stg32:3:prefixcomp                            ; grpop        ; work         ;
;          |ORGate:Orga|                  ; 1 (1)               ; 0 (0)                     ; 0                 ; 0          ; 0    ; 0            ; |ALU|KS16bitAdder:add_part|grpop:\stg32:3:prefixcomp|ORGate:Orga                ; ORGate       ; work         ;
;       |grpop:\stg32:4:prefixcomp|       ; 1 (0)               ; 0 (0)                     ; 0                 ; 0          ; 0    ; 0            ; |ALU|KS16bitAdder:add_part|grpop:\stg32:4:prefixcomp                            ; grpop        ; work         ;
;          |ANDGAte:And0_instance|        ; 1 (1)               ; 0 (0)                     ; 0                 ; 0          ; 0    ; 0            ; |ALU|KS16bitAdder:add_part|grpop:\stg32:4:prefixcomp|ANDGAte:And0_instance      ; ANDGAte      ; work         ;
;       |grpop:\stg32:5:prefixcomp|       ; 1 (0)               ; 0 (0)                     ; 0                 ; 0          ; 0    ; 0            ; |ALU|KS16bitAdder:add_part|grpop:\stg32:5:prefixcomp                            ; grpop        ; work         ;
;          |ANDGAte:And0_instance|        ; 1 (1)               ; 0 (0)                     ; 0                 ; 0          ; 0    ; 0            ; |ALU|KS16bitAdder:add_part|grpop:\stg32:5:prefixcomp|ANDGAte:And0_instance      ; ANDGAte      ; work         ;
;       |grpop:\stg32:6:prefixcomp|       ; 1 (0)               ; 0 (0)                     ; 0                 ; 0          ; 0    ; 0            ; |ALU|KS16bitAdder:add_part|grpop:\stg32:6:prefixcomp                            ; grpop        ; work         ;
;          |ANDGAte:And0_instance|        ; 1 (1)               ; 0 (0)                     ; 0                 ; 0          ; 0    ; 0            ; |ALU|KS16bitAdder:add_part|grpop:\stg32:6:prefixcomp|ANDGAte:And0_instance      ; ANDGAte      ; work         ;
;       |grpop:\stg32:7:prefixcomp|       ; 1 (0)               ; 0 (0)                     ; 0                 ; 0          ; 0    ; 0            ; |ALU|KS16bitAdder:add_part|grpop:\stg32:7:prefixcomp                            ; grpop        ; work         ;
;          |ANDGAte:And0_instance|        ; 1 (1)               ; 0 (0)                     ; 0                 ; 0          ; 0    ; 0            ; |ALU|KS16bitAdder:add_part|grpop:\stg32:7:prefixcomp|ANDGAte:And0_instance      ; ANDGAte      ; work         ;
;       |grpop:\stg42:0:prefixcomp|       ; 1 (0)               ; 0 (0)                     ; 0                 ; 0          ; 0    ; 0            ; |ALU|KS16bitAdder:add_part|grpop:\stg42:0:prefixcomp                            ; grpop        ; work         ;
;          |ORGate:Orga|                  ; 1 (1)               ; 0 (0)                     ; 0                 ; 0          ; 0    ; 0            ; |ALU|KS16bitAdder:add_part|grpop:\stg42:0:prefixcomp|ORGate:Orga                ; ORGate       ; work         ;
;       |grpop:\stg42:1:prefixcomp|       ; 3 (0)               ; 0 (0)                     ; 0                 ; 0          ; 0    ; 0            ; |ALU|KS16bitAdder:add_part|grpop:\stg42:1:prefixcomp                            ; grpop        ; work         ;
;          |ANDGAte:And0_instance|        ; 2 (2)               ; 0 (0)                     ; 0                 ; 0          ; 0    ; 0            ; |ALU|KS16bitAdder:add_part|grpop:\stg42:1:prefixcomp|ANDGAte:And0_instance      ; ANDGAte      ; work         ;
;          |ORGate:Orga|                  ; 1 (1)               ; 0 (0)                     ; 0                 ; 0          ; 0    ; 0            ; |ALU|KS16bitAdder:add_part|grpop:\stg42:1:prefixcomp|ORGate:Orga                ; ORGate       ; work         ;
;       |grpop:\stg42:2:prefixcomp|       ; 3 (0)               ; 0 (0)                     ; 0                 ; 0          ; 0    ; 0            ; |ALU|KS16bitAdder:add_part|grpop:\stg42:2:prefixcomp                            ; grpop        ; work         ;
;          |ANDGAte:And0_instance|        ; 2 (2)               ; 0 (0)                     ; 0                 ; 0          ; 0    ; 0            ; |ALU|KS16bitAdder:add_part|grpop:\stg42:2:prefixcomp|ANDGAte:And0_instance      ; ANDGAte      ; work         ;
;          |ORGate:Orga|                  ; 1 (1)               ; 0 (0)                     ; 0                 ; 0          ; 0    ; 0            ; |ALU|KS16bitAdder:add_part|grpop:\stg42:2:prefixcomp|ORGate:Orga                ; ORGate       ; work         ;
;       |grpop:\stg42:3:prefixcomp|       ; 2 (0)               ; 0 (0)                     ; 0                 ; 0          ; 0    ; 0            ; |ALU|KS16bitAdder:add_part|grpop:\stg42:3:prefixcomp                            ; grpop        ; work         ;
;          |ANDGAte:And0_instance|        ; 1 (1)               ; 0 (0)                     ; 0                 ; 0          ; 0    ; 0            ; |ALU|KS16bitAdder:add_part|grpop:\stg42:3:prefixcomp|ANDGAte:And0_instance      ; ANDGAte      ; work         ;
;          |ORGate:Orga|                  ; 1 (1)               ; 0 (0)                     ; 0                 ; 0          ; 0    ; 0            ; |ALU|KS16bitAdder:add_part|grpop:\stg42:3:prefixcomp|ORGate:Orga                ; ORGate       ; work         ;
;       |grpop:\stg42:4:prefixcomp|       ; 4 (0)               ; 0 (0)                     ; 0                 ; 0          ; 0    ; 0            ; |ALU|KS16bitAdder:add_part|grpop:\stg42:4:prefixcomp                            ; grpop        ; work         ;
;          |ORGate:Orga|                  ; 4 (4)               ; 0 (0)                     ; 0                 ; 0          ; 0    ; 0            ; |ALU|KS16bitAdder:add_part|grpop:\stg42:4:prefixcomp|ORGate:Orga                ; ORGate       ; work         ;
;       |grpop:\stg42:5:prefixcomp|       ; 3 (0)               ; 0 (0)                     ; 0                 ; 0          ; 0    ; 0            ; |ALU|KS16bitAdder:add_part|grpop:\stg42:5:prefixcomp                            ; grpop        ; work         ;
;          |ORGate:Orga|                  ; 3 (3)               ; 0 (0)                     ; 0                 ; 0          ; 0    ; 0            ; |ALU|KS16bitAdder:add_part|grpop:\stg42:5:prefixcomp|ORGate:Orga                ; ORGate       ; work         ;
;       |grpop:\stg42:6:prefixcomp|       ; 3 (0)               ; 0 (0)                     ; 0                 ; 0          ; 0    ; 0            ; |ALU|KS16bitAdder:add_part|grpop:\stg42:6:prefixcomp                            ; grpop        ; work         ;
;          |ORGate:Orga|                  ; 3 (3)               ; 0 (0)                     ; 0                 ; 0          ; 0    ; 0            ; |ALU|KS16bitAdder:add_part|grpop:\stg42:6:prefixcomp|ORGate:Orga                ; ORGate       ; work         ;
;       |grpop:\stg42:7:prefixcomp|       ; 1 (0)               ; 0 (0)                     ; 0                 ; 0          ; 0    ; 0            ; |ALU|KS16bitAdder:add_part|grpop:\stg42:7:prefixcomp                            ; grpop        ; work         ;
;          |ORGate:Orga|                  ; 1 (1)               ; 0 (0)                     ; 0                 ; 0          ; 0    ; 0            ; |ALU|KS16bitAdder:add_part|grpop:\stg42:7:prefixcomp|ORGate:Orga                ; ORGate       ; work         ;
;    |KS16bitAdder:sub_part|              ; 57 (0)              ; 0 (0)                     ; 0                 ; 0          ; 0    ; 0            ; |ALU|KS16bitAdder:sub_part                                                      ; KS16bitAdder ; work         ;
;       |ORGate:\finalstg:10:OrS_ins|     ; 3 (3)               ; 0 (0)                     ; 0                 ; 0          ; 0    ; 0            ; |ALU|KS16bitAdder:sub_part|ORGate:\finalstg:10:OrS_ins                          ; ORGate       ; work         ;
;       |ORGate:\finalstg:11:OrS_ins|     ; 4 (4)               ; 0 (0)                     ; 0                 ; 0          ; 0    ; 0            ; |ALU|KS16bitAdder:sub_part|ORGate:\finalstg:11:OrS_ins                          ; ORGate       ; work         ;
;       |ORGate:\finalstg:12:OrS_ins|     ; 3 (3)               ; 0 (0)                     ; 0                 ; 0          ; 0    ; 0            ; |ALU|KS16bitAdder:sub_part|ORGate:\finalstg:12:OrS_ins                          ; ORGate       ; work         ;
;       |ORGate:\finalstg:13:OrS_ins|     ; 5 (5)               ; 0 (0)                     ; 0                 ; 0          ; 0    ; 0            ; |ALU|KS16bitAdder:sub_part|ORGate:\finalstg:13:OrS_ins                          ; ORGate       ; work         ;
;       |ORGate:\finalstg:14:OrS_ins|     ; 3 (3)               ; 0 (0)                     ; 0                 ; 0          ; 0    ; 0            ; |ALU|KS16bitAdder:sub_part|ORGate:\finalstg:14:OrS_ins                          ; ORGate       ; work         ;
;       |ORGate:\finalstg:15:OrS_ins|     ; 4 (4)               ; 0 (0)                     ; 0                 ; 0          ; 0    ; 0            ; |ALU|KS16bitAdder:sub_part|ORGate:\finalstg:15:OrS_ins                          ; ORGate       ; work         ;
;       |ORGate:\finalstg:16:OrS_ins|     ; 2 (2)               ; 0 (0)                     ; 0                 ; 0          ; 0    ; 0            ; |ALU|KS16bitAdder:sub_part|ORGate:\finalstg:16:OrS_ins                          ; ORGate       ; work         ;
;       |ORGate:\finalstg:4:OrS_ins|      ; 1 (1)               ; 0 (0)                     ; 0                 ; 0          ; 0    ; 0            ; |ALU|KS16bitAdder:sub_part|ORGate:\finalstg:4:OrS_ins                           ; ORGate       ; work         ;
;       |ORGate:\finalstg:5:OrS_ins|      ; 1 (1)               ; 0 (0)                     ; 0                 ; 0          ; 0    ; 0            ; |ALU|KS16bitAdder:sub_part|ORGate:\finalstg:5:OrS_ins                           ; ORGate       ; work         ;
;       |ORGate:\finalstg:6:OrS_ins|      ; 2 (2)               ; 0 (0)                     ; 0                 ; 0          ; 0    ; 0            ; |ALU|KS16bitAdder:sub_part|ORGate:\finalstg:6:OrS_ins                           ; ORGate       ; work         ;
;       |ORGate:\finalstg:7:OrS_ins|      ; 2 (2)               ; 0 (0)                     ; 0                 ; 0          ; 0    ; 0            ; |ALU|KS16bitAdder:sub_part|ORGate:\finalstg:7:OrS_ins                           ; ORGate       ; work         ;
;       |ORGate:\finalstg:8:OrS_ins|      ; 1 (1)               ; 0 (0)                     ; 0                 ; 0          ; 0    ; 0            ; |ALU|KS16bitAdder:sub_part|ORGate:\finalstg:8:OrS_ins                           ; ORGate       ; work         ;
;       |ORGate:\finalstg:9:OrS_ins|      ; 4 (4)               ; 0 (0)                     ; 0                 ; 0          ; 0    ; 0            ; |ALU|KS16bitAdder:sub_part|ORGate:\finalstg:9:OrS_ins                           ; ORGate       ; work         ;
;       |XorG:\finalstg:9:XorS_instance|  ; 1 (0)               ; 0 (0)                     ; 0                 ; 0          ; 0    ; 0            ; |ALU|KS16bitAdder:sub_part|XorG:\finalstg:9:XorS_instance                       ; XorG         ; work         ;
;          |ORGate:OR_instance|           ; 1 (1)               ; 0 (0)                     ; 0                 ; 0          ; 0    ; 0            ; |ALU|KS16bitAdder:sub_part|XorG:\finalstg:9:XorS_instance|ORGate:OR_instance    ; ORGate       ; work         ;
;       |grpop:\stg1:12:prefixcomp|       ; 1 (0)               ; 0 (0)                     ; 0                 ; 0          ; 0    ; 0            ; |ALU|KS16bitAdder:sub_part|grpop:\stg1:12:prefixcomp                            ; grpop        ; work         ;
;          |ANDGAte:And0_instance|        ; 1 (1)               ; 0 (0)                     ; 0                 ; 0          ; 0    ; 0            ; |ALU|KS16bitAdder:sub_part|grpop:\stg1:12:prefixcomp|ANDGAte:And0_instance      ; ANDGAte      ; work         ;
;       |grpop:\stg1:2:prefixcomp|        ; 1 (0)               ; 0 (0)                     ; 0                 ; 0          ; 0    ; 0            ; |ALU|KS16bitAdder:sub_part|grpop:\stg1:2:prefixcomp                             ; grpop        ; work         ;
;          |ANDGAte:Andgat|               ; 1 (1)               ; 0 (0)                     ; 0                 ; 0          ; 0    ; 0            ; |ALU|KS16bitAdder:sub_part|grpop:\stg1:2:prefixcomp|ANDGAte:Andgat              ; ANDGAte      ; work         ;
;       |grpop:\stg2:1:prefixcomp|        ; 3 (0)               ; 0 (0)                     ; 0                 ; 0          ; 0    ; 0            ; |ALU|KS16bitAdder:sub_part|grpop:\stg2:1:prefixcomp                             ; grpop        ; work         ;
;          |ORGate:Orga|                  ; 3 (3)               ; 0 (0)                     ; 0                 ; 0          ; 0    ; 0            ; |ALU|KS16bitAdder:sub_part|grpop:\stg2:1:prefixcomp|ORGate:Orga                 ; ORGate       ; work         ;
;       |grpop:\stg2:2:prefixcomp|        ; 3 (0)               ; 0 (0)                     ; 0                 ; 0          ; 0    ; 0            ; |ALU|KS16bitAdder:sub_part|grpop:\stg2:2:prefixcomp                             ; grpop        ; work         ;
;          |ORGate:Orga|                  ; 3 (3)               ; 0 (0)                     ; 0                 ; 0          ; 0    ; 0            ; |ALU|KS16bitAdder:sub_part|grpop:\stg2:2:prefixcomp|ORGate:Orga                 ; ORGate       ; work         ;
;       |grpop:\stg2:3:prefixcomp|        ; 2 (0)               ; 0 (0)                     ; 0                 ; 0          ; 0    ; 0            ; |ALU|KS16bitAdder:sub_part|grpop:\stg2:3:prefixcomp                             ; grpop        ; work         ;
;          |ORGate:Orga|                  ; 2 (2)               ; 0 (0)                     ; 0                 ; 0          ; 0    ; 0            ; |ALU|KS16bitAdder:sub_part|grpop:\stg2:3:prefixcomp|ORGate:Orga                 ; ORGate       ; work         ;
;       |grpop:\stg2:4:prefixcomp|        ; 2 (0)               ; 0 (0)                     ; 0                 ; 0          ; 0    ; 0            ; |ALU|KS16bitAdder:sub_part|grpop:\stg2:4:prefixcomp                             ; grpop        ; work         ;
;          |ORGate:Orga|                  ; 2 (2)               ; 0 (0)                     ; 0                 ; 0          ; 0    ; 0            ; |ALU|KS16bitAdder:sub_part|grpop:\stg2:4:prefixcomp|ORGate:Orga                 ; ORGate       ; work         ;
;       |grpop:\stg2:5:prefixcomp|        ; 2 (0)               ; 0 (0)                     ; 0                 ; 0          ; 0    ; 0            ; |ALU|KS16bitAdder:sub_part|grpop:\stg2:5:prefixcomp                             ; grpop        ; work         ;
;          |ORGate:Orga|                  ; 2 (2)               ; 0 (0)                     ; 0                 ; 0          ; 0    ; 0            ; |ALU|KS16bitAdder:sub_part|grpop:\stg2:5:prefixcomp|ORGate:Orga                 ; ORGate       ; work         ;
;       |grpop:\stg2:6:prefixcomp|        ; 2 (0)               ; 0 (0)                     ; 0                 ; 0          ; 0    ; 0            ; |ALU|KS16bitAdder:sub_part|grpop:\stg2:6:prefixcomp                             ; grpop        ; work         ;
;          |ORGate:Orga|                  ; 2 (2)               ; 0 (0)                     ; 0                 ; 0          ; 0    ; 0            ; |ALU|KS16bitAdder:sub_part|grpop:\stg2:6:prefixcomp|ORGate:Orga                 ; ORGate       ; work         ;
;       |grpop:\stg2:7:prefixcomp|        ; 2 (0)               ; 0 (0)                     ; 0                 ; 0          ; 0    ; 0            ; |ALU|KS16bitAdder:sub_part|grpop:\stg2:7:prefixcomp                             ; grpop        ; work         ;
;          |ORGate:Orga|                  ; 2 (2)               ; 0 (0)                     ; 0                 ; 0          ; 0    ; 0            ; |ALU|KS16bitAdder:sub_part|grpop:\stg2:7:prefixcomp|ORGate:Orga                 ; ORGate       ; work         ;
;       |grpop:\stg2:8:prefixcomp|        ; 1 (0)               ; 0 (0)                     ; 0                 ; 0          ; 0    ; 0            ; |ALU|KS16bitAdder:sub_part|grpop:\stg2:8:prefixcomp                             ; grpop        ; work         ;
;          |ORGate:Orga|                  ; 1 (1)               ; 0 (0)                     ; 0                 ; 0          ; 0    ; 0            ; |ALU|KS16bitAdder:sub_part|grpop:\stg2:8:prefixcomp|ORGate:Orga                 ; ORGate       ; work         ;
;       |grpop:\stg2:9:prefixcomp|        ; 1 (0)               ; 0 (0)                     ; 0                 ; 0          ; 0    ; 0            ; |ALU|KS16bitAdder:sub_part|grpop:\stg2:9:prefixcomp                             ; grpop        ; work         ;
;          |ORGate:Orga|                  ; 1 (1)               ; 0 (0)                     ; 0                 ; 0          ; 0    ; 0            ; |ALU|KS16bitAdder:sub_part|grpop:\stg2:9:prefixcomp|ORGate:Orga                 ; ORGate       ; work         ;
;       |grpop:\stg32:3:prefixcomp|       ; 1 (0)               ; 0 (0)                     ; 0                 ; 0          ; 0    ; 0            ; |ALU|KS16bitAdder:sub_part|grpop:\stg32:3:prefixcomp                            ; grpop        ; work         ;
;          |ANDGAte:And0_instance|        ; 1 (1)               ; 0 (0)                     ; 0                 ; 0          ; 0    ; 0            ; |ALU|KS16bitAdder:sub_part|grpop:\stg32:3:prefixcomp|ANDGAte:And0_instance      ; ANDGAte      ; work         ;
;    |NAND_gate:nand_part|                ; 8 (8)               ; 0 (0)                     ; 0                 ; 0          ; 0    ; 0            ; |ALU|NAND_gate:nand_part                                                        ; NAND_gate    ; work         ;
;    |XOR_gate:xor_part|                  ; 2 (2)               ; 0 (0)                     ; 0                 ; 0          ; 0    ; 0            ; |ALU|XOR_gate:xor_part                                                          ; XOR_gate     ; work         ;
+-----------------------------------------+---------------------+---------------------------+-------------------+------------+------+--------------+---------------------------------------------------------------------------------+--------------+--------------+
Note: For table entries with two numbers listed, the numbers in parentheses indicate the number of resources of the given type used by the specific entity alone. The numbers listed outside of parentheses indicate the total resources of the given type used by the specific entity and all of its sub-entities in the hierarchy.


+------------------------------------------------------+
; General Register Statistics                          ;
+----------------------------------------------+-------+
; Statistic                                    ; Value ;
+----------------------------------------------+-------+
; Total registers                              ; 0     ;
; Number of registers using Synchronous Clear  ; 0     ;
; Number of registers using Synchronous Load   ; 0     ;
; Number of registers using Asynchronous Clear ; 0     ;
; Number of registers using Asynchronous Load  ; 0     ;
; Number of registers using Clock Enable       ; 0     ;
; Number of registers using Preset             ; 0     ;
+----------------------------------------------+-------+


+------------------------------------------------------------------------------------------------------------------------------------------+
; Multiplexer Restructuring Statistics (Restructuring Performed)                                                                           ;
+--------------------+-----------+---------------+----------------------+------------------------+------------+----------------------------+
; Multiplexer Inputs ; Bus Width ; Baseline Area ; Area if Restructured ; Saving if Restructured ; Registered ; Example Multiplexer Output ;
+--------------------+-----------+---------------+----------------------+------------------------+------------+----------------------------+
; 4:1                ; 17 bits   ; 34 LEs        ; 34 LEs               ; 0 LEs                  ; No         ; |ALU|Z                     ;
+--------------------+-----------+---------------+----------------------+------------------------+------------+----------------------------+


+----------------------------------------------------------------------------------------------------------------+
; Port Connectivity Checks: "KS16bitAdder:sub_part"                                                              ;
+------+--------+----------+-------------------------------------------------------------------------------------+
; Port ; Type   ; Severity ; Details                                                                             ;
+------+--------+----------+-------------------------------------------------------------------------------------+
; cin  ; Input  ; Info     ; Stuck at VCC                                                                        ;
; zero ; Output ; Info     ; Connected to dangling logic. Logic that only feeds a dangling port will be removed. ;
+------+--------+----------+-------------------------------------------------------------------------------------+


+---------------------------------------------------+
; Port Connectivity Checks: "KS16bitAdder:add_part" ;
+------+-------+----------+-------------------------+
; Port ; Type  ; Severity ; Details                 ;
+------+-------+----------+-------------------------+
; cin  ; Input ; Info     ; Stuck at GND            ;
+------+-------+----------+-------------------------+


+-----------------------------------------------------+
; Post-Synthesis Netlist Statistics for Top Partition ;
+-----------------------+-----------------------------+
; Type                  ; Count                       ;
+-----------------------+-----------------------------+
; arriav_lcell_comb     ; 174                         ;
;     normal            ; 174                         ;
;         2 data inputs ; 27                          ;
;         3 data inputs ; 19                          ;
;         4 data inputs ; 63                          ;
;         5 data inputs ; 28                          ;
;         6 data inputs ; 37                          ;
; boundary_port         ; 52                          ;
;                       ;                             ;
; Max LUT depth         ; 7.00                        ;
; Average LUT depth     ; 6.47                        ;
+-----------------------+-----------------------------+


+-------------------------------+
; Elapsed Time Per Partition    ;
+----------------+--------------+
; Partition Name ; Elapsed Time ;
+----------------+--------------+
; Top            ; 00:00:01     ;
+----------------+--------------+


+-------------------------------+
; Analysis & Synthesis Messages ;
+-------------------------------+
Info: *******************************************************************
Info: Running Quartus Prime Analysis & Synthesis
    Info: Version 20.1.0 Build 711 06/05/2020 SJ Lite Edition
    Info: Processing started: Thu Dec 03 21:22:30 2020
Info: Command: quartus_map --read_settings_files=on --write_settings_files=off ALU -c ALU
Warning (18236): Number of processors has not been specified which may cause overloading on shared machines.  Set the global assignment NUM_PARALLEL_PROCESSORS in your QSF to an appropriate value for best performance.
Info (20030): Parallel compilation is enabled and will use 4 of the 4 processors detected
Info (12021): Found 2 design units, including 1 entities, in source file nand_gate.vhd
    Info (12022): Found design unit 1: NAND_gate-behaviour_nand File: D:/drbha/sem3_iitb_material/ee224/vhdl_assgnmnts/main_ass/NAND_gate.vhd Line: 8
    Info (12023): Found entity 1: NAND_gate File: D:/drbha/sem3_iitb_material/ee224/vhdl_assgnmnts/main_ass/NAND_gate.vhd Line: 1
Info (12021): Found 2 design units, including 1 entities, in source file alu.vhd
    Info (12022): Found design unit 1: ALU-behaviour_alu File: D:/drbha/sem3_iitb_material/ee224/vhdl_assgnmnts/main_ass/ALU.vhd Line: 9
    Info (12023): Found entity 1: ALU File: D:/drbha/sem3_iitb_material/ee224/vhdl_assgnmnts/main_ass/ALU.vhd Line: 1
Info (12021): Found 2 design units, including 1 entities, in source file xor_gate.vhd
    Info (12022): Found design unit 1: XOR_gate-behaviour_xor File: D:/drbha/sem3_iitb_material/ee224/vhdl_assgnmnts/main_ass/XOR_gate.vhd Line: 8
    Info (12023): Found entity 1: XOR_gate File: D:/drbha/sem3_iitb_material/ee224/vhdl_assgnmnts/main_ass/XOR_gate.vhd Line: 1
Info (12021): Found 2 design units, including 1 entities, in source file tb_alu.vhd
    Info (12022): Found design unit 1: TB_ALU-behaviour_TB_alu File: D:/drbha/sem3_iitb_material/ee224/vhdl_assgnmnts/main_ass/TB_ALU.vhd Line: 6
    Info (12023): Found entity 1: TB_ALU File: D:/drbha/sem3_iitb_material/ee224/vhdl_assgnmnts/main_ass/TB_ALU.vhd Line: 3
Info (12021): Found 4 design units, including 2 entities, in source file ks16bitadder.vhd
    Info (12022): Found design unit 1: grpop-grpfn File: D:/drbha/sem3_iitb_material/ee224/vhdl_assgnmnts/main_ass/KS16bitAdder.vhd Line: 16
    Info (12022): Found design unit 2: KS16bitAdder-KS16bitAdder_bhv File: D:/drbha/sem3_iitb_material/ee224/vhdl_assgnmnts/main_ass/KS16bitAdder.vhd Line: 42
    Info (12023): Found entity 1: KS16bitAdder File: D:/drbha/sem3_iitb_material/ee224/vhdl_assgnmnts/main_ass/KS16bitAdder.vhd Line: 1
    Info (12023): Found entity 2: grpop File: D:/drbha/sem3_iitb_material/ee224/vhdl_assgnmnts/main_ass/KS16bitAdder.vhd Line: 10
Info (12021): Found 12 design units, including 6 entities, in source file logicgates.vhd
    Info (12022): Found design unit 1: ANDGAte-AND_function File: D:/drbha/sem3_iitb_material/ee224/vhdl_assgnmnts/main_ass/LogicGates.vhd Line: 8
    Info (12022): Found design unit 2: ORGate-OR_function File: D:/drbha/sem3_iitb_material/ee224/vhdl_assgnmnts/main_ass/LogicGates.vhd Line: 18
    Info (12022): Found design unit 3: NotGate-Not_function File: D:/drbha/sem3_iitb_material/ee224/vhdl_assgnmnts/main_ass/LogicGates.vhd Line: 28
    Info (12022): Found design unit 4: NANDGate-NAND_function File: D:/drbha/sem3_iitb_material/ee224/vhdl_assgnmnts/main_ass/LogicGates.vhd Line: 37
    Info (12022): Found design unit 5: XorG-Xor_fn File: D:/drbha/sem3_iitb_material/ee224/vhdl_assgnmnts/main_ass/LogicGates.vhd Line: 51
    Info (12022): Found design unit 6: LogicGates-LogicGates_bhv File: D:/drbha/sem3_iitb_material/ee224/vhdl_assgnmnts/main_ass/LogicGates.vhd Line: 87
    Info (12023): Found entity 1: LogicGates File: D:/drbha/sem3_iitb_material/ee224/vhdl_assgnmnts/main_ass/LogicGates.vhd Line: 1
    Info (12023): Found entity 2: ANDGAte File: D:/drbha/sem3_iitb_material/ee224/vhdl_assgnmnts/main_ass/LogicGates.vhd Line: 4
    Info (12023): Found entity 3: ORGate File: D:/drbha/sem3_iitb_material/ee224/vhdl_assgnmnts/main_ass/LogicGates.vhd Line: 14
    Info (12023): Found entity 4: NotGate File: D:/drbha/sem3_iitb_material/ee224/vhdl_assgnmnts/main_ass/LogicGates.vhd Line: 24
    Info (12023): Found entity 5: NANDGate File: D:/drbha/sem3_iitb_material/ee224/vhdl_assgnmnts/main_ass/LogicGates.vhd Line: 34
    Info (12023): Found entity 6: XorG File: D:/drbha/sem3_iitb_material/ee224/vhdl_assgnmnts/main_ass/LogicGates.vhd Line: 45
Info (12127): Elaborating entity "ALU" for the top level hierarchy
Warning (10036): Verilog HDL or VHDL warning at ALU.vhd(15): object "temp_zero1" assigned a value but never read File: D:/drbha/sem3_iitb_material/ee224/vhdl_assgnmnts/main_ass/ALU.vhd Line: 15
Info (12128): Elaborating entity "NAND_gate" for hierarchy "NAND_gate:nand_part" File: D:/drbha/sem3_iitb_material/ee224/vhdl_assgnmnts/main_ass/ALU.vhd Line: 45
Info (12128): Elaborating entity "XOR_gate" for hierarchy "XOR_gate:xor_part" File: D:/drbha/sem3_iitb_material/ee224/vhdl_assgnmnts/main_ass/ALU.vhd Line: 48
Info (12128): Elaborating entity "KS16bitAdder" for hierarchy "KS16bitAdder:add_part" File: D:/drbha/sem3_iitb_material/ee224/vhdl_assgnmnts/main_ass/ALU.vhd Line: 51
Info (12128): Elaborating entity "XorG" for hierarchy "KS16bitAdder:add_part|XorG:\XorGa:0:Xor_instance" File: D:/drbha/sem3_iitb_material/ee224/vhdl_assgnmnts/main_ass/KS16bitAdder.vhd Line: 76
Info (12128): Elaborating entity "NotGate" for hierarchy "KS16bitAdder:add_part|XorG:\XorGa:0:Xor_instance|NotGate:Not1_instance" File: D:/drbha/sem3_iitb_material/ee224/vhdl_assgnmnts/main_ass/LogicGates.vhd Line: 70
Info (12128): Elaborating entity "ANDGAte" for hierarchy "KS16bitAdder:add_part|XorG:\XorGa:0:Xor_instance|ANDGAte:AND1_instance" File: D:/drbha/sem3_iitb_material/ee224/vhdl_assgnmnts/main_ass/LogicGates.vhd Line: 76
Info (12128): Elaborating entity "ORGate" for hierarchy "KS16bitAdder:add_part|XorG:\XorGa:0:Xor_instance|ORGate:OR_instance" File: D:/drbha/sem3_iitb_material/ee224/vhdl_assgnmnts/main_ass/LogicGates.vhd Line: 82
Info (12128): Elaborating entity "grpop" for hierarchy "KS16bitAdder:add_part|grpop:\stg1:0:prefixcomp" File: D:/drbha/sem3_iitb_material/ee224/vhdl_assgnmnts/main_ass/KS16bitAdder.vhd Line: 94
Info (286030): Timing-Driven Synthesis is running
Info (16010): Generating hard_block partition "hard_block:auto_generated_inst"
    Info (16011): Adding 0 node(s), including 0 DDIO, 0 PLL, 0 transceiver and 0 LCELL
Info (21057): Implemented 226 device resources after synthesis - the final resource count might be different
    Info (21058): Implemented 34 input pins
    Info (21059): Implemented 18 output pins
    Info (21061): Implemented 174 logic cells
Info: Quartus Prime Analysis & Synthesis was successful. 0 errors, 2 warnings
    Info: Peak virtual memory: 4865 megabytes
    Info: Processing ended: Thu Dec 03 21:22:48 2020
    Info: Elapsed time: 00:00:18
    Info: Total CPU time (on all processors): 00:00:26


